10:07:35 [INFO] SCRAPE_FAIL domain=ahayait.com error=[Errno 8] nodename nor servname provided, or not known
10:07:35 [INFO] SCRAPE_FAIL domain=catskillsit.com error=[Errno 8] nodename nor servname provided, or not known
10:07:35 [INFO] SCRAPE_FAIL domain=alkitoutrecoveryservices.org error=[Errno 8] nodename nor servname provided, or not known
10:07:35 [INFO] SCRAPE_FAIL domain=vrimmconnect.com error=[Errno 8] nodename nor servname provided, or not known
10:07:35 [INFO] SCRAPE_FAIL domain=cloudience.com error=insufficient_content: only 0 words (min 200)
10:07:35 [INFO] SCRAPE_FAIL domain=endpointit.net error=insufficient_content: only 10 words (min 200)
10:07:35 [INFO] SCRAPE_FAIL domain=press8.com error=insufficient_content: only 0 words (min 200)
10:07:35 [INFO] SCRAPE_FAIL domain=kurminit.com error=[SSL: CERTIFICATE_VERIFY_FAILED] certificate verify failed: certificate has expired (_ssl.c:1007)
10:07:35 [INFO] SCRAPE_FAIL domain=solzorro.com error=insufficient_content: only 0 words (min 200)
10:07:35 [INFO] SCRAPE_FAIL domain=itmaninc.com error=insufficient_content: only 90 words (min 200)
10:07:35 [INFO] SCRAPE_FAIL domain=panelesshomeservices.com error=insufficient_content: only 0 words (min 200)
10:07:35 [INFO] SCRAPE_FAIL domain=responza.com error=[SSL: CERTIFICATE_VERIFY_FAILED] certificate verify failed: certificate has expired (_ssl.c:1007)
10:07:35 [INFO] SCRAPE_FAIL domain=itcras.com error=[Errno 8] nodename nor servname provided, or not known
10:07:35 [INFO] SCRAPE_FAIL domain=mycomputerexperts.net error=insufficient_content: only 0 words (min 200)
10:07:35 [INFO] SCRAPE_FAIL domain=americannameservices.com error=insufficient_content: only 0 words (min 200)
10:07:35 [INFO] SCRAPE_FAIL domain=ecr.net error=insufficient_content: only 151 words (min 200)
10:07:35 [INFO] SCRAPE_FAIL domain=tcitservices.com error=insufficient_content: only 3 words (min 200)
10:07:35 [INFO] SCRAPE_FAIL domain=two-manquartet.com error=insufficient_content: only 16 words (min 200)
10:07:35 [INFO] SCRAPE_FAIL domain=stepupitservices.com error=insufficient_content: only 0 words (min 200)
10:07:35 [INFO] SCRAPE_FAIL domain=axiomitservices.com error=insufficient_content: only 0 words (min 200)
10:07:35 [INFO] SCRAPE_FAIL domain=outreachitservices.com error=insufficient_content: only 138 words (min 200)
10:07:35 [INFO] SCRAPE_FAIL domain=virasec.com error=insufficient_content: only 0 words (min 200)
10:07:35 [INFO] SCRAPE_FAIL domain=yasnetworks.com error=insufficient_content: only 5 words (min 200)
10:07:35 [INFO] SCRAPE_FAIL domain=rparecruitment.com error=insufficient_content: only 99 words (min 200)
10:07:35 [INFO] SCRAPE_FAIL domain=oklahomaitservices.com error=[Errno 8] nodename nor servname provided, or not known
10:09:25 [INFO] VALIDATION_FAIL row=17 company=Effective Media Services (GRiP-it!) subject="grip it! managing $12 billion" opener="Hey Feldman, your GRiP it! software manages over $12 billion in promotional time across 250+ channels." issues=['REJECT: exclamation_in_subject', 'REJECT: subject_bad_punctuation']
10:09:25 [INFO] VALIDATION_FAIL row=38 company=LinkScope Services subject="salesforce for us & latam markets" opener="Hey Rafael, noticed LinkScope is a Latino-founded firm bridging the U.S. and LATAM markets for digital transformation." issues=['REJECT: subject_bad_punctuation']
10:09:25 [INFO] VALIDATION_FAIL row=53 company=Blalock Business Services subject="comprehensive dentistry" opener="Hey La, Dr. Bullard mentioned you respond instantly to Comprehensive Dentistry's needs, 24/7." issues=['REJECT: multi_sentence_opener']
10:09:25 [INFO] VALIDATION_FAIL row=56 company=Samanvi IT Services Pvt Ltd subject="ibis for the f&b sector" opener="Hey Rahul, saw you built IBIS, a cloud-based billing and inventory system for the restaurant sector." issues=['REJECT: subject_bad_punctuation']
10:09:25 [INFO] VALIDATION_FAIL row=57 company=CardinalNorth |  GovCon Startup  |  Efficiency IT Services subject="microsoft for startups + nvidia" opener="Hey Rahul, noticed CardinalNorth is part of the Microsoft for Startups and NVIDIA Inception programs." issues=['REJECT: all_caps_word']
10:09:25 [INFO] VALIDATION_FAIL row=58 company=American Managed IT Services, Inc subject="hipaa & pci compliant" opener="Hey Mark, noticed American Managed IT Services is both HIPAA and PCI compliant." issues=['REJECT: subject_bad_punctuation']
10:09:25 [INFO] VALIDATION_FAIL row=87 company=Proper Sky - Managed IT Services subject="it for architects & engineering" opener="Hey PJ, noticed Proper Sky runs the IT for architecture and engineering firms in Philadelphia." issues=['REJECT: subject_bad_punctuation']
10:09:25 [INFO] VALIDATION_FAIL row=89 company=Titan Elite IT Services & Consulting subject="it consulting for la legal & finance" opener="Hey Joseph, your IT consulting services support Los Angeles organizations across the legal, finance, and healthcare sectors." issues=['REJECT: subject_bad_punctuation']
10:09:25 [INFO] VALIDATION_FAIL row=90 company=Unite IT Services subject="j&c composites ransomware" opener="Hey James, saw your work with J&C Composites after they faced three ransomware attacks as a defense industrial base member." issues=['REJECT: subject_bad_punctuation']
10:09:25 [INFO] VALIDATION_FAIL row=98 company=Bespoke IT Services subject="when a client calls" opener="Hey Daniel, noticed your white glove service means when a client calls, you answer." issues=['REJECT: banned_word: love']
10:10:23 [INFO] MANUAL_REVIEW row=56 company=Samanvi IT Services Pvt Ltd reason=failed_all_2_retries
10:10:23 [INFO] MANUAL_REVIEW row=57 company=CardinalNorth |  GovCon Startup  |  Efficiency IT Services reason=failed_all_2_retries
10:10:23 [INFO] MANUAL_REVIEW row=90 company=Unite IT Services reason=failed_all_2_retries
10:10:23 [INFO] MANUAL_REVIEW row=98 company=Bespoke IT Services reason=failed_all_2_retries
